INFO:fda:File K962936 2 pages, processing time is 5 seconds
INFO:fda:File K153736 8 pages, processing time is 23 seconds
INFO:fda:File K170948 12 pages, processing time is 27 seconds
INFO:fda:File K221113 10 pages, processing time is 22 seconds
INFO:fda:File K974634 7 pages, processing time is 16 seconds
INFO:fda:File K141548 5 pages, processing time is 10 seconds
INFO:fda:File K152893 6 pages, processing time is 12 seconds
INFO:fda:File K220590 11 pages, processing time is 25 seconds
INFO:fda:File K151149 6 pages, processing time is 13 seconds
INFO:fda:File K181491 6 pages, processing time is 14 seconds
INFO:fda:File K971860 4 pages, processing time is 10 seconds
INFO:fda:File K173787 18 pages, processing time is 53 seconds
INFO:fda:File K202319 10 pages, processing time is 22 seconds
INFO:fda:File K021724 6 pages, processing time is 15 seconds
INFO:fda:File K101788 7 pages, processing time is 15 seconds
INFO:fda:File K112013 11 pages, processing time is 24 seconds
INFO:fda:File K030482 7 pages, processing time is 14 seconds
INFO:fda:File K063393 4 pages, processing time is 9 seconds
INFO:fda:File K112745 6 pages, processing time is 13 seconds
INFO:fda:File K133750 5 pages, processing time is 11 seconds
INFO:fda:File K151169 9 pages, processing time is 20 seconds
INFO:fda:File K192389 6 pages, processing time is 14 seconds
File K192389 6 pages
    Product Code = FTL
    Device name = TYRX Absorbable Antibacterial Envelope (medium), TYRX Absorbable Antibacterial Envelope (large)
        Has absorbable with ratio 100
INFO:fda:File K981371 8 pages, processing time is 17 seconds
INFO:fda:File K991477 5 pages, processing time is 10 seconds
INFO:fda:File K111216 8 pages, processing time is 19 seconds
INFO:fda:File K162506 6 pages, processing time is 12 seconds
INFO:fda:File K013371 7 pages, processing time is 14 seconds
INFO:fda:File K971220 4 pages, processing time is 9 seconds
INFO:fda:File K092659 4 pages, processing time is 9 seconds
INFO:fda:File K131033 8 pages, processing time is 17 seconds
INFO:fda:File K113028 5 pages, processing time is 10 seconds
INFO:fda:File K180477 15 pages, processing time is 34 seconds
INFO:fda:File K973803 5 pages, processing time is 11 seconds
INFO:fda:File K080980 6 pages, processing time is 12 seconds
INFO:fda:File K964072 2 pages, processing time is 4 seconds
INFO:fda:File K020110 5 pages, processing time is 10 seconds
INFO:fda:File K024135 5 pages, processing time is 9 seconds
INFO:fda:File K050706 5 pages, processing time is 9 seconds
INFO:fda:File K133665 9 pages, processing time is 22 seconds
INFO:fda:File K033399 6 pages, processing time is 12 seconds
INFO:fda:File K201873 11 pages, processing time is 28 seconds
INFO:fda:File K963426 1 pages, processing time is 2 seconds
INFO:fda:File K171800 6 pages, processing time is 14 seconds
INFO:fda:File K193026 15 pages, processing time is 29 seconds
INFO:fda:File K131044 7 pages, processing time is 17 seconds
INFO:fda:File K141450 6 pages, processing time is 11 seconds
INFO:fda:File K162379 9 pages, processing time is 19 seconds
INFO:fda:File K152536 7 pages, processing time is 14 seconds
INFO:fda:File K183460 6 pages, processing time is 15 seconds
INFO:fda:File K070408 5 pages, processing time is 10 seconds
INFO:fda:File K083621 6 pages, processing time is 11 seconds
INFO:fda:File K101177 6 pages, processing time is 12 seconds
INFO:fda:File K142689 6 pages, processing time is 14 seconds
INFO:fda:File K980973 4 pages, processing time is 9 seconds
INFO:fda:File K212925 9 pages, processing time is 19 seconds
INFO:fda:File K102399 6 pages, processing time is 13 seconds
INFO:fda:File K170064 1 pages, processing time is 1 seconds
INFO:fda:File K172390 15 pages, processing time is 31 seconds
INFO:fda:File K200709 6 pages, processing time is 13 seconds
INFO:fda:File K210347 7 pages, processing time is 21 seconds
INFO:fda:File K150613 7 pages, processing time is 13 seconds
INFO:fda:File K982483 4 pages, processing time is 9 seconds
INFO:fda:File K101806 5 pages, processing time is 10 seconds
INFO:fda:File K130557 10 pages, processing time is 20 seconds
INFO:fda:File K033322 5 pages, processing time is 13 seconds
INFO:fda:File K002721 5 pages, processing time is 9 seconds
INFO:fda:File K971618 4 pages, processing time is 8 seconds
INFO:fda:File K173289 6 pages, processing time is 14 seconds
INFO:fda:File K112900 6 pages, processing time is 15 seconds
INFO:fda:File K994096 12 pages, processing time is 34 seconds
INFO:fda:File K160114 6 pages, processing time is 13 seconds
INFO:fda:File K151172 8 pages, processing time is 16 seconds
INFO:fda:File K014158 5 pages, processing time is 10 seconds
INFO:fda:File K963362 4 pages, processing time is 10 seconds
INFO:fda:File K993728 8 pages, processing time is 21 seconds
INFO:fda:File K991958 4 pages, processing time is 8 seconds
INFO:fda:File K974810 5 pages, processing time is 11 seconds
INFO:fda:File K153740 10 pages, processing time is 26 seconds
INFO:fda:File K972894 5 pages, processing time is 11 seconds
INFO:fda:File K021394 9 pages, processing time is 21 seconds
INFO:fda:File K072101 4 pages, processing time is 9 seconds
INFO:fda:File K211487 8 pages, processing time is 17 seconds
INFO:fda:File K080325 5 pages, processing time is 11 seconds
INFO:fda:File K060540 10 pages, processing time is 24 seconds
INFO:fda:File K013433 4 pages, processing time is 9 seconds
INFO:fda:File K112280 8 pages, processing time is 17 seconds
INFO:fda:File K121675 7 pages, processing time is 13 seconds
INFO:fda:File K071263 5 pages, processing time is 10 seconds
INFO:fda:File K100179 3 pages, processing time is 6 seconds
INFO:fda:File K131275 4 pages, processing time is 10 seconds
INFO:fda:File K140820 6 pages, processing time is 13 seconds
INFO:fda:File K120624 5 pages, processing time is 11 seconds
INFO:fda:File K073466 4 pages, processing time is 10 seconds
INFO:fda:File K200697 8 pages, processing time is 20 seconds
INFO:fda:File K162144 7 pages, processing time is 14 seconds
INFO:fda:File K063448 6 pages, processing time is 12 seconds
INFO:fda:File K080437 4 pages, processing time is 9 seconds
INFO:fda:File K013239 5 pages, processing time is 11 seconds
INFO:fda:File K201760 8 pages, processing time is 18 seconds
INFO:fda:File K190042 7 pages, processing time is 16 seconds
INFO:fda:File K042985 5 pages, processing time is 10 seconds
INFO:fda:File K971381 5 pages, processing time is 10 seconds
INFO:fda:File K193308 10 pages, processing time is 22 seconds
INFO:fda:File K172500 6 pages, processing time is 13 seconds
INFO:fda:File K980758 4 pages, processing time is 9 seconds
INFO:fda:File K093273 13 pages, processing time is 26 seconds
INFO:fda:File K201206 8 pages, processing time is 20 seconds
INFO:fda:File K042319 6 pages, processing time is 12 seconds
INFO:fda:File K963616 2 pages, processing time is 4 seconds
INFO:fda:File K130048 5 pages, processing time is 12 seconds
INFO:fda:File K960222 2 pages, processing time is 3 seconds
INFO:fda:File K151389 9 pages, processing time is 26 seconds
INFO:fda:File K023132 5 pages, processing time is 9 seconds
INFO:fda:File K220890 11 pages, processing time is 24 seconds
INFO:fda:File K143711 12 pages, processing time is 28 seconds
INFO:fda:File K131514 30 pages, processing time is 66 seconds
INFO:fda:File K182384 10 pages, processing time is 29 seconds
INFO:fda:File K163634 11 pages, processing time is 29 seconds
INFO:fda:File K964245 2 pages, processing time is 3 seconds
INFO:fda:File K992638 6 pages, processing time is 16 seconds
INFO:fda:File K121858 8 pages, processing time is 21 seconds
INFO:fda:File K961567 1 pages, processing time is 3 seconds
INFO:fda:File K202055 10 pages, processing time is 26 seconds
INFO:fda:File K153126 5 pages, processing time is 11 seconds
INFO:fda:File K180214 7 pages, processing time is 13 seconds
INFO:fda:File K060501 5 pages, processing time is 9 seconds
INFO:fda:File K050135 5 pages, processing time is 10 seconds
INFO:fda:File K021819 5 pages, processing time is 11 seconds
INFO:fda:File K153570 8 pages, processing time is 16 seconds
INFO:fda:File K020581 4 pages, processing time is 8 seconds
INFO:fda:File K161447 5 pages, processing time is 12 seconds
INFO:fda:File K182855 6 pages, processing time is 15 seconds
INFO:fda:File K200685 5 pages, processing time is 12 seconds
INFO:fda:File K982688 4 pages, processing time is 9 seconds
INFO:fda:File K042628 4 pages, processing time is 8 seconds
INFO:fda:File K053228 7 pages, processing time is 14 seconds
INFO:fda:File K103252 5 pages, processing time is 11 seconds
INFO:fda:File K971253 4 pages, processing time is 10 seconds
INFO:fda:File K980815 4 pages, processing time is 9 seconds
INFO:fda:File K142964 7 pages, processing time is 20 seconds
INFO:fda:File K093820 5 pages, processing time is 11 seconds
INFO:fda:File K180805 8 pages, processing time is 17 seconds
INFO:fda:File K061695 5 pages, processing time is 10 seconds
INFO:fda:File K102686 5 pages, processing time is 10 seconds
INFO:fda:File K210985 10 pages, processing time is 22 seconds
INFO:fda:File K182539 7 pages, processing time is 15 seconds
INFO:fda:File K093522 6 pages, processing time is 13 seconds
INFO:fda:File K163197 5 pages, processing time is 11 seconds
INFO:fda:File K140928 11 pages, processing time is 22 seconds
INFO:fda:File K041070 4 pages, processing time is 8 seconds
INFO:fda:File K971756 7 pages, processing time is 14 seconds
INFO:fda:File K213816 6 pages, processing time is 15 seconds
INFO:fda:File K140033 8 pages, processing time is 18 seconds
INFO:fda:File K202885 5 pages, processing time is 14 seconds
INFO:fda:File K061995 5 pages, processing time is 11 seconds
INFO:fda:File K080089 5 pages, processing time is 10 seconds
INFO:fda:File K140849 6 pages, processing time is 15 seconds
INFO:fda:File K141532 13 pages, processing time is 30 seconds
INFO:fda:File K042036 5 pages, processing time is 10 seconds
INFO:fda:File K131016 6 pages, processing time is 13 seconds
INFO:fda:File K113516 7 pages, processing time is 14 seconds
INFO:fda:File K071056 5 pages, processing time is 10 seconds
INFO:fda:File K101351 3 pages, processing time is 7 seconds
INFO:fda:File K180754 6 pages, processing time is 14 seconds
INFO:fda:File K133648 8 pages, processing time is 18 seconds
INFO:fda:File K992610 5 pages, processing time is 10 seconds
INFO:fda:File K013206 8 pages, processing time is 15 seconds
INFO:fda:File K973823 7 pages, processing time is 14 seconds
INFO:fda:File K971971 5 pages, processing time is 10 seconds
INFO:fda:File K964053 1 pages, processing time is 2 seconds
INFO:fda:File K183064 6 pages, processing time is 14 seconds
INFO:fda:File K023236 4 pages, processing time is 8 seconds
INFO:fda:File K201680 9 pages, processing time is 20 seconds
INFO:fda:File K984216 5 pages, processing time is 15 seconds
INFO:fda:File K050479 5 pages, processing time is 10 seconds
